C51 COMPILER V9.05   PASSWORD                                                              02/06/2015 21:02:08 PAGE 1   


C51 COMPILER V9.05, COMPILATION OF MODULE PASSWORD
OBJECT MODULE PLACED IN password.OBJ
COMPILER INVOKED BY: C:\Softwares\Keil\C51\BIN\C51.EXE password.c BROWSE DEBUG OBJECTEXTEND

line level    source

   1          #include <reg52.h> 
   2          #include <stdio.h> 
   3          #include <stdlib.h> 
   4          #include <string.h>
   5          #include <lcd.h>
   6          
   7          //Keypad bits
   8          sbit C1=P1^0;
   9          sbit C2=P1^1;
  10          sbit C3=P1^2;
  11          sbit R1=P1^3;
  12          sbit R2=P1^4;
  13          sbit R3=P1^5;
  14          sbit R4=P1^6;
  15          
  16          sbit subbit=P1^7;         //Input
  17          
  18          char read_keypad();
  19          
  20          unsigned char keydata;
  21          unsigned int var,ib,jb;
  22          unsigned char count;
  23          unsigned char passdata[16];
  24          unsigned char password[16]={"123#"};     //Password
  25          
  26          void main(void)
  27          {
  28   1      lcd_init();
  29   1      MSDelay(1);
  30   1      subbit=1;  //Input
  31   1      
  32   1      while(1)
  33   1      {
  34   2        count='3';  //Attempts
  35   2      
  36   2        loop:
  37   2        for(jb=0;jb<16;jb++)
  38   2        {
  39   3        passdata[jb]=0;
  40   3        }
  41   2        var=1;
  42   2        ib=0;
  43   2        lcd_init();
  44   2        MSDelay(1);
  45   2        lcd_strwrite("Enter Password");
  46   2        lcd_goto(0,2);
  47   2        while(1)
  48   2        {
  49   3            while((!(keydata = read_keypad()))&&(var=subbit));        //wait for key press
  50   3                if(var==0)
  51   3                {
  52   4                 lcd_clear();
  53   4                 lcd_goto(0,1);
  54   4                 for(jb=0;jb<16;jb++)
  55   4             {
C51 COMPILER V9.05   PASSWORD                                                              02/06/2015 21:02:08 PAGE 2   

  56   5                  if(passdata[jb]!=password[jb])
  57   5                      {
  58   6                       count--;
  59   6                       if(count=='0')
  60   6                       {
  61   7                        lcd_clear();
  62   7                        lcd_goto(0,1);
  63   7                        lcd_strwrite("Unauthorized");
  64   7                        lcd_goto(0,2);
  65   7                        lcd_strwrite("Access");
  66   7                        while(1);
  67   7                       }
  68   6                       lcd_strwrite("Wrong Password");
  69   6                       lcd_goto(0,2);
  70   6                       lcd_strwrite("Attempts left:");
  71   6                       lcd_goto(15,2);
  72   6                       lcd_charwrite(count);
  73   6                       goto loop;
  74   6                      }       
  75   5             }
  76   4                 lcd_strwrite("Correct Password");
  77   4                 while(1);
  78   4                }
  79   3      
  80   3                passdata[ib]=keydata;
  81   3                ib++;
  82   3            lcd_charwrite('*');
  83   3            MSDelay(10);
  84   3        }
  85   2      }
  86   1      }
  87          
  88          //Function to scan keypad
  89          char read_keypad()
  90          {
  91   1        C1=1;
  92   1        C2=1;
  93   1        C3=1;
  94   1      
  95   1        R1=0;
  96   1        R2=1;
  97   1        R3=1;
  98   1        R4=1;
  99   1        if(C1==0){MSDelay(100);while(C1==0);return '1';}
 100   1        if(C2==0){MSDelay(100);while(C2==0);return '2';}
 101   1        if(C3==0){MSDelay(100);while(C3==0);return '3';}
 102   1      
 103   1        R1=1;
 104   1        R2=0;
 105   1        R3=1;
 106   1        R4=1;
 107   1        if(C1==0){MSDelay(100);while(C1==0);return '4';}
 108   1        if(C2==0){MSDelay(100);while(C2==0);return '5';}
 109   1        if(C3==0){MSDelay(100);while(C3==0);return '6';}
 110   1      
 111   1        R1=1;
 112   1        R2=1;
 113   1        R3=0;
 114   1        R4=1;
 115   1        if(C1==0){MSDelay(100);while(C1==0);return '7';}
 116   1        if(C2==0){MSDelay(100);while(C2==0);return '8';}
 117   1        if(C3==0){MSDelay(100);while(C3==0);return '9';}
C51 COMPILER V9.05   PASSWORD                                                              02/06/2015 21:02:08 PAGE 3   

 118   1      
 119   1        R1=1;
 120   1        R2=1;
 121   1        R3=1;
 122   1        R4=0;
 123   1        if(C1==0){MSDelay(100);while(C1==0);return '*';}
 124   1        if(C2==0){MSDelay(100);while(C2==0);return '0';}
 125   1        if(C3==0){MSDelay(100);while(C3==0);return '#';}
 126   1      
 127   1        return 0;
 128   1      }


MODULE INFORMATION:   STATIC OVERLAYABLE
   CODE SIZE        =    692    ----
   CONSTANT SIZE    =     87    ----
   XDATA SIZE       =   ----    ----
   PDATA SIZE       =   ----    ----
   DATA SIZE        =     44       6
   IDATA SIZE       =   ----    ----
   BIT SIZE         =   ----    ----
END OF MODULE INFORMATION.


C51 COMPILATION COMPLETE.  0 WARNING(S),  0 ERROR(S)
